[2026-04-26 23:02:09.798] [INFO ] [packet_producer.cc:13] PacketProducer created. Video Queue: 200, Audio Queue: 500
[2026-04-26 23:02:09.798] [INFO ] [player.cc:23] Initializing Player Engine
[2026-04-26 23:02:09.798] [INFO ] [main.cc:134] Loading media: ../../assets/LA.mp4
[2026-04-26 23:02:09.798] [INFO ] [player.cc:31] Player opening: ../../assets/LA.mp4
[2026-04-26 23:02:09.798] [INFO ] [demuxer.cc:20] Demuxer opening media file: ../../assets/LA.mp4
[2026-04-26 23:02:09.823] [INFO ] [demuxer.cc:43] Duration: 85s, Streams: 2
[2026-04-26 23:02:09.823] [INFO ] [demuxer.cc:52] Video stream at index: 0, Audio stream at index: 1
[2026-04-26 23:02:09.823] [INFO ] [packet_producer.cc:29] PacketProducer successfully opened: ../../assets/LA.mp4
[2026-04-26 23:02:09.827] [INFO ] [decoder.cc:69] Video Decoder info: 1920x1080, Pixel format: yuv420p
[2026-04-26 23:02:09.827] [INFO ] [gl_renderer.cc:53] Initializing GL renderer with 1920x1080
[2026-04-26 23:02:09.960] [INFO ] [decoder.cc:79] Audio Decoder info: 48000Hz, 2 channels, Format: fltp
[2026-04-26 23:02:09.960] [INFO ] [audio_renderer.cc:20] Initializing AudioRenderer with 48000Hz, 2 channels
[2026-04-26 23:02:09.983] [INFO ] [audio_renderer.cc:75] AudioRenderer successfully opened
[2026-04-26 23:02:09.983] [INFO ] [packet_producer.cc:46] Starting PacketProducer thread...
[2026-04-26 23:02:09.984] [INFO ] [packet_producer.cc:99] PacketProducer background thread running
[2026-04-26 23:02:09.984] [INFO ] [player.cc:238] Video decode & render loop started
[2026-04-26 23:02:09.984] [INFO ] [player.cc:87] Player initialization complete
[2026-04-26 23:02:09.984] [INFO ] [player.cc:186] Audio decode loop started
[2026-04-26 23:02:09.984] [INFO ] [audio_renderer.cc:102] Audio playback started
[2026-04-26 23:02:13.512] [INFO ] [player.cc:145] Seeking to 10.1862s
[2026-04-26 23:02:13.512] [INFO ] [audio_renderer.cc:109] Audio playback paused
[2026-04-26 23:02:13.512] [INFO ] [packet_producer.cc:75] PacketProducer seeking to 10186197 us
[2026-04-26 23:02:13.512] [INFO ] [decoder.cc:98] Flushing decoder buffers
[2026-04-26 23:02:13.512] [INFO ] [packet_producer.cc:106] PacketProducer executing seek to 10186197us
[2026-04-26 23:02:13.513] [INFO ] [decoder.cc:98] Flushing decoder buffers
[2026-04-26 23:02:13.513] [INFO ] [audio_renderer.cc:109] Audio playback paused
[2026-04-26 23:02:13.513] [INFO ] [audio_renderer.cc:102] Audio playback started
[2026-04-26 23:02:24.328] [INFO ] [main.cc:200] Initiating player shutdown...
[2026-04-26 23:02:24.328] [INFO ] [audio_renderer.cc:109] Audio playback paused
[2026-04-26 23:02:24.328] [INFO ] [packet_producer.cc:58] Stopping PacketProducer thread...
[2026-04-26 23:02:24.328] [INFO ] [packet_producer.cc:146] PacketProducer background thread exited
[2026-04-26 23:02:24.328] [INFO ] [player.cc:234] Audio decode loop exited
[2026-04-26 23:02:24.330] [INFO ] [player.cc:329] Video decode & render loop exited
[2026-04-26 23:02:24.330] [INFO ] [demuxer.cc:60] Closing demuxer...
[2026-04-26 23:02:24.330] [INFO ] [packet_producer.cc:40] PacketProducer closed
[2026-04-26 23:02:24.330] [INFO ] [decoder.cc:91] Closing decoder...
[2026-04-26 23:02:24.336] [INFO ] [decoder.cc:91] Closing decoder...
[2026-04-26 23:02:24.344] [INFO ] [audio_renderer.cc:109] Audio playback paused
[2026-04-26 23:02:24.391] [INFO ] [main.cc:204] AVPlayer exited cleanly.
[2026-04-26 23:02:24.391] [INFO ] [player.cc:26] Destroying Player Engine
[2026-04-26 23:02:24.391] [INFO ] [packet_producer.cc:40] PacketProducer closed
[2026-04-26 23:02:24.391] [INFO ] [audio_renderer.cc:15] AudioRenderer Destroying
[2026-04-26 23:02:24.391] [INFO ] [decoder.cc:15] Decoder Destroying
[2026-04-26 23:02:24.391] [INFO ] [decoder.cc:15] Decoder Destroying
[2026-04-26 23:02:24.391] [INFO ] [packet_producer.cc:18] PacketProducer Destroying
[2026-04-26 23:02:24.391] [INFO ] [packet_producer.cc:40] PacketProducer closed
[2026-04-26 23:02:24.391] [INFO ] [demuxer.cc:15] Demuxer Destroying
